Device set to use cuda:0
/home/kr5379/.conda/envs/sentiment/lib/python3.13/site-packages/transformers/pipelines/text_classification.py:106: UserWarning: `return_all_scores` is now deprecated,  if want a similar functionality use `top_k=None` instead of `return_all_scores=True` or `top_k=1` instead of `return_all_scores=False`.
  warnings.warn(
{'text': "\n            Games\n          \n        This material may not be published, broadcast, rewritten, or redistributed. ©2025 FOX News Network, LLC. All rights reserved. Quotes displayed in real-time or delayed by at least 15 minutes. Market data provided by Factset. Powered and implemented by FactSet Digital Solutions. Legal Statement. Mutual Fund and ETF data provided by Refinitiv Lipper.\n       Fox News Flash top headlines are here. Check out what's clicking on Foxnews.com. The White House has issued a memo th"}
Traceback (most recent call last):
  File "/home/kr5379/IW-Programming-1/sent_anal_gen.py", line 39, in <module>
    emotion_results = emotion_analyzer(emotion_dataset, batch_size=16)
  File "/home/kr5379/.conda/envs/sentiment/lib/python3.13/site-packages/transformers/pipelines/text_classification.py", line 159, in __call__
    result = super().__call__(*inputs, **kwargs)
  File "/home/kr5379/.conda/envs/sentiment/lib/python3.13/site-packages/transformers/pipelines/base.py", line 1371, in __call__
    return self.run_single(inputs, preprocess_params, forward_params, postprocess_params)
           ~~~~~~~~~~~~~~~^^^^^^^^^^^^^^^^^^^^^^^^^^^^^^^^^^^^^^^^^^^^^^^^^^^^^^^^^^^^^^^
  File "/home/kr5379/.conda/envs/sentiment/lib/python3.13/site-packages/transformers/pipelines/base.py", line 1377, in run_single
    model_inputs = self.preprocess(inputs, **preprocess_params)
  File "/home/kr5379/.conda/envs/sentiment/lib/python3.13/site-packages/transformers/pipelines/text_classification.py", line 183, in preprocess
    return self.tokenizer(inputs, return_tensors=return_tensors, **tokenizer_kwargs)
           ~~~~~~~~~~~~~~^^^^^^^^^^^^^^^^^^^^^^^^^^^^^^^^^^^^^^^^^^^^^^^^^^^^^^^^^^^
  File "/home/kr5379/.conda/envs/sentiment/lib/python3.13/site-packages/transformers/tokenization_utils_base.py", line 2887, in __call__
    encodings = self._call_one(text=text, text_pair=text_pair, **all_kwargs)
  File "/home/kr5379/.conda/envs/sentiment/lib/python3.13/site-packages/transformers/tokenization_utils_base.py", line 2947, in _call_one
    raise ValueError(
    ...<2 lines>...
    )
ValueError: text input must be of type `str` (single example), `List[str]` (batch or single pretokenized example) or `List[List[str]]` (batch of pretokenized examples).
Device set to use cuda:0
/home/kr5379/.conda/envs/sentiment/lib/python3.13/site-packages/transformers/pipelines/text_classification.py:106: UserWarning: `return_all_scores` is now deprecated,  if want a similar functionality use `top_k=None` instead of `return_all_scores=True` or `top_k=1` instead of `return_all_scores=False`.
  warnings.warn(
{'text': " FBI says accused Georgia high shooter was on FBI's radar last yearLog in to comment on videos and join in on the fun. Watch the live stream of Fox News and full episodes. Reduce eye strain and focus on the content that matters. \n            Fox News' Christina Coleman has the latest on the tragedy at Apalachee high school on 'Jesse Watters Primetime.'\n            ©2025 FOX News Network, LLC. All rights reserved. This material may not be published, broadcast, rewritten, or redistributed. All market data del"}
Traceback (most recent call last):
  File "/home/kr5379/IW-Programming-1/sent_anal_gen.py", line 39, in <module>
    emotion_results = emotion_analyzer(emotion_dataset, batch_size=16)
  File "/home/kr5379/.conda/envs/sentiment/lib/python3.13/site-packages/transformers/pipelines/text_classification.py", line 159, in __call__
    result = super().__call__(*inputs, **kwargs)
  File "/home/kr5379/.conda/envs/sentiment/lib/python3.13/site-packages/transformers/pipelines/base.py", line 1371, in __call__
    return self.run_single(inputs, preprocess_params, forward_params, postprocess_params)
           ~~~~~~~~~~~~~~~^^^^^^^^^^^^^^^^^^^^^^^^^^^^^^^^^^^^^^^^^^^^^^^^^^^^^^^^^^^^^^^
  File "/home/kr5379/.conda/envs/sentiment/lib/python3.13/site-packages/transformers/pipelines/base.py", line 1377, in run_single
    model_inputs = self.preprocess(inputs, **preprocess_params)
  File "/home/kr5379/.conda/envs/sentiment/lib/python3.13/site-packages/transformers/pipelines/text_classification.py", line 183, in preprocess
    return self.tokenizer(inputs, return_tensors=return_tensors, **tokenizer_kwargs)
           ~~~~~~~~~~~~~~^^^^^^^^^^^^^^^^^^^^^^^^^^^^^^^^^^^^^^^^^^^^^^^^^^^^^^^^^^^
  File "/home/kr5379/.conda/envs/sentiment/lib/python3.13/site-packages/transformers/tokenization_utils_base.py", line 2887, in __call__
    encodings = self._call_one(text=text, text_pair=text_pair, **all_kwargs)
  File "/home/kr5379/.conda/envs/sentiment/lib/python3.13/site-packages/transformers/tokenization_utils_base.py", line 2947, in _call_one
    raise ValueError(
    ...<2 lines>...
    )
ValueError: text input must be of type `str` (single example), `List[str]` (batch or single pretokenized example) or `List[List[str]]` (batch of pretokenized examples).
